<?xml version="1.0" encoding="UTF-8"?>
<!-- Generated by org.testng.reporters.JUnitReportReporter -->
<testsuite hostname="T0003181977" failures="0" tests="1" name="TeoriaEjercicios.ScroolUpOrDown" time="0.048" errors="0" timestamp="2022-06-21T00:23:36 ART" skipped="0">
  <testcase classname="TeoriaEjercicios.ScroolUpOrDown" name="scroolByPixel" time="0.048"/>
  <system-out/>
</testsuite> <!-- TeoriaEjercicios.ScroolUpOrDown -->
