<?xml version="1.0" encoding="UTF-8"?>
<!-- Generated by org.testng.reporters.JUnitReportReporter -->
<testsuite hostname="T0003181977" failures="0" tests="1" name="TeoriaEjercicios.VentanasEmergentes" time="8.331" errors="0" timestamp="2022-06-15T10:32:02 ART" skipped="0">
  <testcase classname="TeoriaEjercicios.VentanasEmergentes" name="alertaAcept" time="8.331"/>
  <system-out/>
</testsuite> <!-- TeoriaEjercicios.VentanasEmergentes -->
