<?xml version="1.0" encoding="UTF-8"?>
<!-- Generated by org.testng.reporters.JUnitReportReporter -->
<testsuite hostname="T0003181977" failures="0" tests="1" name="TeoriaEjercicios.verifyTooltip" time="1.057" errors="0" timestamp="2022-06-08T15:39:05 ART" skipped="0">
  <testcase classname="TeoriaEjercicios.verifyTooltip" name="toolTip" time="1.057"/>
  <system-out/>
</testsuite> <!-- TeoriaEjercicios.verifyTooltip -->
