<?xml version="1.0" encoding="UTF-8"?>
<!-- Generated by org.testng.reporters.JUnitReportReporter -->
<testsuite hostname="T0003181977" failures="0" tests="1" name="TeoriaEjercicios.ProyectoTeoricoPractico.ListasDinamicas" time="23.343" errors="0" timestamp="2022-05-18T12:39:30 ART" skipped="0">
  <testcase classname="TeoriaEjercicios.ProyectoTeoricoPractico.ListasDinamicas" name="ListDinamicas" time="23.343"/>
  <system-out/>
</testsuite> <!-- TeoriaEjercicios.ProyectoTeoricoPractico.ListasDinamicas -->
