<?xml version="1.0" encoding="UTF-8"?>
<!-- Generated by org.testng.reporters.JUnitReportReporter -->
<testsuite hostname="T0003181977" failures="0" tests="1" name="TeoriaEjercicios.DataDrivenTesting" time="0.081" errors="0" timestamp="2022-06-02T23:13:37 ART" skipped="0">
  <testcase classname="TeoriaEjercicios.DataDrivenTesting" name="datos" time="0.081"/>
  <system-out/>
</testsuite> <!-- TeoriaEjercicios.DataDrivenTesting -->
