<?xml version="1.0" encoding="UTF-8"?>
<!-- Generated by org.testng.reporters.JUnitReportReporter -->
<testsuite hostname="T0003181977" failures="0" tests="1" name="TeoriaEjercicios.ProyectoTeoricoPractico.Iframe" time="18.233" errors="0" timestamp="2022-05-17T17:33:38 ART" skipped="0">
  <testcase classname="TeoriaEjercicios.ProyectoTeoricoPractico.Iframe" name="Iframes3" time="18.233"/>
  <system-out/>
</testsuite> <!-- TeoriaEjercicios.ProyectoTeoricoPractico.Iframe -->
