<?xml version="1.0" encoding="UTF-8"?>
<!-- Generated by org.testng.reporters.JUnitReportReporter -->
<testsuite hostname="T0003181977" failures="0" tests="2" name="TeoriaEjercicios.ProyectoTeoricoPractico.CrossBrowserTesting" time="4.493" errors="0" timestamp="2022-04-06T17:22:24 ART" skipped="0">
  <testcase classname="TeoriaEjercicios.ProyectoTeoricoPractico.CrossBrowserTesting" name="buscarPalabra" time="2.810"/>
  <system-out/>
  <testcase classname="TeoriaEjercicios.ProyectoTeoricoPractico.CrossBrowserTesting" name="buscarPalabra" time="1.683"/>
  <system-out/>
</testsuite> <!-- TeoriaEjercicios.ProyectoTeoricoPractico.CrossBrowserTesting -->
