<?xml version="1.0" encoding="UTF-8"?>
<!-- Generated by org.testng.reporters.JUnitReportReporter -->
<testsuite hostname="T0003181977" failures="0" tests="2" name="TeoriaEjercicios.ProyectoTeoricoPractico.ListasDependientes" time="29.997" errors="0" timestamp="2022-04-13T12:48:51 ART" skipped="1">
  <testcase classname="TeoriaEjercicios.ProyectoTeoricoPractico.ListasDependientes" name="ListaDependientesCorreoEcuador" time="29.997"/>
  <system-out/>
  <testcase classname="TeoriaEjercicios.ProyectoTeoricoPractico.ListasDependientes" name="ListDependientesCorreoArgentino">
    <skipped/>
  </testcase> <!-- ListDependientesCorreoArgentino -->
  <system-out/>
</testsuite> <!-- TeoriaEjercicios.ProyectoTeoricoPractico.ListasDependientes -->
