<?xml version="1.0" encoding="UTF-8"?>
<!-- Generated by org.testng.reporters.JUnitReportReporter -->
<testsuite hostname="T0003181977" failures="0" tests="1" name="TeoriaEjercicios.ManejoDeAlertas" time="5.077" errors="0" timestamp="2022-06-03T10:42:03 ART" skipped="0">
  <testcase classname="TeoriaEjercicios.ManejoDeAlertas" name="alertaAcept" time="5.077"/>
  <system-out/>
</testsuite> <!-- TeoriaEjercicios.ManejoDeAlertas -->
