<?xml version="1.0" encoding="UTF-8"?>
<!-- Generated by org.testng.reporters.JUnitReportReporter -->
<testsuite hostname="T0003181977" failures="0" tests="1" name="TeoriaEjercicios.jQueryPlugin" time="4.739" errors="0" timestamp="2022-06-08T15:55:09 ART" skipped="0">
  <testcase classname="TeoriaEjercicios.jQueryPlugin" name="jQPlugin" time="4.739"/>
  <system-out/>
</testsuite> <!-- TeoriaEjercicios.jQueryPlugin -->
