<?xml version="1.0" encoding="UTF-8"?>
<!-- Generated by org.testng.reporters.JUnitReportReporter -->
<testsuite hostname="T0003181977" failures="0" tests="1" name="TeoriaEjercicios.ProyectoTeoricoPractico.SeleccionAlAzarDeProductos" time="16.512" errors="0" timestamp="2022-05-18T17:02:43 ART" skipped="0">
  <testcase classname="TeoriaEjercicios.ProyectoTeoricoPractico.SeleccionAlAzarDeProductos" name="SelecAlAzarDeProductos" time="16.512"/>
  <system-out/>
</testsuite> <!-- TeoriaEjercicios.ProyectoTeoricoPractico.SeleccionAlAzarDeProductos -->
