<?xml version="1.0" encoding="UTF-8"?>
<!-- Generated by org.testng.reporters.JUnitReportReporter -->
<testsuite hostname="T0003181977" failures="0" tests="1" name="TeoriaEjercicios.SeleccionAlAzarDeProductos" time="17.589" errors="0" timestamp="2022-05-18T17:29:01 ART" skipped="0">
  <testcase classname="TeoriaEjercicios.SeleccionAlAzarDeProductos" name="SelecAlAzarDeProductos" time="17.589"/>
  <system-out/>
</testsuite> <!-- TeoriaEjercicios.SeleccionAlAzarDeProductos -->
