<?xml version="1.0" encoding="UTF-8"?>
<!-- Generated by org.testng.reporters.JUnitReportReporter -->
<testsuite hostname="T0003181977" failures="0" tests="1" name="TeoriaEjercicios.seleccionMultipleEspecificandoCuales" time="13.874" errors="0" timestamp="2022-05-19T12:47:50 ART" skipped="0">
  <testcase classname="TeoriaEjercicios.seleccionMultipleEspecificandoCuales" name="SeleccionProductos" time="13.874"/>
  <system-out/>
</testsuite> <!-- TeoriaEjercicios.seleccionMultipleEspecificandoCuales -->
