<?xml version="1.0" encoding="UTF-8"?>
<!-- Generated by org.testng.reporters.JUnitReportReporter -->
<testsuite hostname="T0003181977" failures="0" tests="1" name="TeoriaEjercicios.TablasWebDinámicas" time="3.859" errors="0" timestamp="2022-06-03T12:25:09 ART" skipped="0">
  <testcase classname="TeoriaEjercicios.TablasWebDinámicas" name="obtenerValoresTablaDinamica" time="3.859"/>
  <system-out/>
</testsuite> <!-- TeoriaEjercicios.TablasWebDinámicas -->
