<?xml version="1.0" encoding="UTF-8"?>
<!-- Generated by org.testng.reporters.JUnitReportReporter -->
<testsuite hostname="T0003181977" failures="0" tests="1" name="TeoriaEjercicios.Iframe" time="22.924" errors="0" timestamp="2022-06-15T10:30:12 ART" skipped="0">
  <testcase classname="TeoriaEjercicios.Iframe" name="iFrames2" time="22.924"/>
  <system-out/>
</testsuite> <!-- TeoriaEjercicios.Iframe -->
