<?xml version="1.0" encoding="UTF-8"?>
<!-- Generated by org.testng.reporters.JUnitReportReporter -->
<testsuite hostname="T0003181977" failures="0" tests="1" name="TeoriaEjercicios.Clicks" time="0.456" errors="0" timestamp="2022-06-18T01:25:12 ART" skipped="0">
  <testcase classname="TeoriaEjercicios.Clicks" name="clickDerecho" time="0.456"/>
  <system-out/>
</testsuite> <!-- TeoriaEjercicios.Clicks -->
