<?xml version="1.0" encoding="UTF-8"?>
<!-- Generated by org.testng.reporters.JUnitReportReporter -->
<testsuite hostname="T0003181977" failures="0" tests="1" name="TeoriaEjercicios.DragAndDrop" time="1.469" errors="0" timestamp="2022-06-18T01:01:05 ART" skipped="0">
  <testcase classname="TeoriaEjercicios.DragAndDrop" name="soltarYArrastrar" time="1.469"/>
  <system-out/>
</testsuite> <!-- TeoriaEjercicios.DragAndDrop -->
