<?xml version="1.0" encoding="UTF-8"?>
<!-- Generated by org.testng.reporters.JUnitReportReporter -->
<testsuite hostname="T0003181977" failures="0" tests="1" name="TeoriaEjercicios.BusquedaGoogle" time="7.308" errors="0" timestamp="2022-06-08T00:31:58 ART" skipped="0">
  <testcase classname="TeoriaEjercicios.BusquedaGoogle" name="busqueda" time="7.308"/>
  <system-out/>
</testsuite> <!-- TeoriaEjercicios.BusquedaGoogle -->
