<?xml version="1.0" encoding="UTF-8"?>
<!-- Generated by org.testng.reporters.JUnitReportReporter -->
<testsuite hostname="T0003181977" failures="0" tests="2" name="TeoriaEjercicios.ProyectoTeoricoPractico.OrdenAnotacionesTestNg" time="0.015" errors="0" timestamp="2022-05-18T00:05:23 ART" skipped="0">
  <testcase classname="TeoriaEjercicios.ProyectoTeoricoPractico.OrdenAnotacionesTestNg" name="Test1" time="0.010"/>
  <system-out/>
  <testcase classname="TeoriaEjercicios.ProyectoTeoricoPractico.OrdenAnotacionesTestNg" name="Test2" time="0.005"/>
  <system-out/>
</testsuite> <!-- TeoriaEjercicios.ProyectoTeoricoPractico.OrdenAnotacionesTestNg -->
